mode: set
LibraryManagement/controller/bookController.go:14.40,17.16 3 1
LibraryManagement/controller/bookController.go:17.16,19.3 1 0
LibraryManagement/controller/bookController.go:20.2,21.55 2 1
LibraryManagement/controller/bookController.go:25.43,30.19 4 1
LibraryManagement/controller/bookController.go:30.19,33.3 2 1
LibraryManagement/controller/bookController.go:35.2,35.50 1 1
LibraryManagement/controller/bookController.go:39.43,42.16 3 0
LibraryManagement/controller/bookController.go:42.16,44.3 1 0
LibraryManagement/controller/bookController.go:45.2,46.60 2 0
LibraryManagement/controller/bookController.go:50.41,53.16 3 0
LibraryManagement/controller/bookController.go:53.16,55.3 1 0
LibraryManagement/controller/bookController.go:56.2,57.58 2 0
LibraryManagement/controller/userController.go:14.38,17.16 3 1
LibraryManagement/controller/userController.go:17.16,20.3 2 1
LibraryManagement/controller/userController.go:21.2,22.54 2 1
LibraryManagement/controller/userController.go:27.41,30.16 3 1
LibraryManagement/controller/userController.go:30.16,33.3 2 1
LibraryManagement/controller/userController.go:34.2,35.62 2 1
LibraryManagement/main.go:17.13,18.59 1 0
LibraryManagement/main.go:18.59,20.3 1 0
LibraryManagement/main.go:22.2,23.16 2 0
LibraryManagement/main.go:23.16,24.13 1 0
LibraryManagement/main.go:30.13,40.12 3 0
LibraryManagement/main.go:40.12,41.90 1 0
LibraryManagement/main.go:41.90,43.4 1 0
LibraryManagement/main.go:47.2,57.45 7 0
LibraryManagement/main.go:57.45,59.3 1 0
LibraryManagement/main.go:60.2,60.31 1 0
LibraryManagement/config/config.go:29.36,31.16 2 0
LibraryManagement/config/config.go:31.16,33.3 1 0
LibraryManagement/config/config.go:35.2,35.54 1 0
LibraryManagement/config/config.go:35.54,37.3 1 0
LibraryManagement/config/config.go:39.2,39.12 1 0
LibraryManagement/config/db.go:13.26,25.16 5 0
LibraryManagement/config/db.go:25.16,27.3 1 0
LibraryManagement/config/db.go:30.2,31.16 2 0
LibraryManagement/config/db.go:31.16,33.3 1 0
LibraryManagement/config/db.go:36.2,36.37 1 0
LibraryManagement/config/db.go:36.37,38.3 1 0
LibraryManagement/config/db.go:40.2,41.12 2 0
LibraryManagement/dao/bookDAO.go:13.58,21.2 2 1
LibraryManagement/dao/bookDAO.go:23.55,25.27 2 1
LibraryManagement/dao/bookDAO.go:25.27,28.3 2 1
LibraryManagement/dao/bookDAO.go:29.2,29.45 1 1
LibraryManagement/dao/bookDAO.go:33.63,36.16 3 1
LibraryManagement/dao/bookDAO.go:36.16,38.3 1 1
LibraryManagement/dao/bookDAO.go:41.2,53.25 3 1
LibraryManagement/dao/bookDAO.go:53.25,55.3 1 0
LibraryManagement/dao/bookDAO.go:56.2,56.30 1 1
LibraryManagement/dao/bookDAO.go:56.30,58.3 1 1
LibraryManagement/dao/bookDAO.go:60.2,60.12 1 1
LibraryManagement/dao/bookDAO.go:64.81,66.21 2 1
LibraryManagement/dao/bookDAO.go:66.21,68.3 1 1
LibraryManagement/dao/bookDAO.go:69.2,69.20 1 1
LibraryManagement/dao/bookDAO.go:69.20,71.3 1 1
LibraryManagement/dao/bookDAO.go:72.2,74.28 3 1
LibraryManagement/dao/userDAO.go:24.79,26.16 2 0
LibraryManagement/dao/userDAO.go:26.16,28.3 1 0
LibraryManagement/dao/userDAO.go:29.2,30.30 2 0
LibraryManagement/dao/userDAO.go:34.96,37.16 3 0
LibraryManagement/dao/userDAO.go:37.16,39.3 1 0
LibraryManagement/dao/userDAO.go:40.2,40.19 1 0
LibraryManagement/dao/userDAO.go:44.82,47.16 3 0
LibraryManagement/dao/userDAO.go:47.16,49.3 1 0
LibraryManagement/dao/userDAO.go:50.2,50.19 1 0
LibraryManagement/router/router.go:11.31,17.2 3 0
LibraryManagement/router/router.go:19.35,23.2 2 0
LibraryManagement/router/router.go:23.2,26.3 2 0
LibraryManagement/router/router.go:29.2,31.2 3 0
LibraryManagement/router/router.go:31.2,34.3 1 0
LibraryManagement/router/router.go:37.2,39.2 3 0
LibraryManagement/router/router.go:39.2,43.3 3 0
LibraryManagement/middleware/auth.go:11.58,12.30 1 0
LibraryManagement/middleware/auth.go:12.30,14.21 2 0
LibraryManagement/middleware/auth.go:14.21,18.4 3 0
LibraryManagement/middleware/auth.go:21.3,21.53 1 0
LibraryManagement/middleware/auth.go:21.53,23.4 1 0
LibraryManagement/middleware/auth.go:25.3,26.17 2 0
LibraryManagement/middleware/auth.go:26.17,30.4 3 0
LibraryManagement/middleware/auth.go:33.3,33.56 1 0
LibraryManagement/middleware/auth.go:33.56,37.4 3 0
LibraryManagement/middleware/auth.go:40.3,43.11 3 0
LibraryManagement/result/code.go:20.34,21.39 1 0
LibraryManagement/result/code.go:21.39,23.3 1 0
LibraryManagement/result/code.go:24.2,24.26 1 0
LibraryManagement/result/result.go:15.48,16.17 1 0
LibraryManagement/result/result.go:16.17,18.3 1 0
LibraryManagement/result/result.go:20.2,25.28 5 0
LibraryManagement/result/result.go:28.55,35.2 5 0
LibraryManagement/utils/jwt.go:19.68,32.2 3 1
LibraryManagement/utils/jwt.go:35.51,36.101 1 1
LibraryManagement/utils/jwt.go:36.101,38.3 1 1
LibraryManagement/utils/jwt.go:39.2,39.16 1 1
LibraryManagement/utils/jwt.go:39.16,41.3 1 1
LibraryManagement/utils/jwt.go:42.2,42.61 1 1
LibraryManagement/utils/jwt.go:42.61,44.3 1 1
LibraryManagement/utils/jwt.go:45.2,45.41 1 0
LibraryManagement/service/bookService.go:25.53,28.16 2 0
LibraryManagement/service/bookService.go:28.16,31.3 2 0
LibraryManagement/service/bookService.go:34.2,35.16 2 0
LibraryManagement/service/bookService.go:35.16,38.3 2 0
LibraryManagement/service/bookService.go:40.2,40.45 1 0
LibraryManagement/service/bookService.go:44.48,46.16 2 0
LibraryManagement/service/bookService.go:46.16,49.3 2 0
LibraryManagement/service/bookService.go:51.2,51.45 1 0
LibraryManagement/service/bookService.go:56.58,59.16 2 0
LibraryManagement/service/bookService.go:59.16,62.3 2 0
LibraryManagement/service/bookService.go:64.2,65.16 2 0
LibraryManagement/service/bookService.go:65.16,68.3 2 0
LibraryManagement/service/bookService.go:70.2,70.45 1 0
LibraryManagement/service/bookService.go:73.56,76.16 2 0
LibraryManagement/service/bookService.go:76.16,79.3 2 0
LibraryManagement/service/bookService.go:81.2,82.16 2 0
LibraryManagement/service/bookService.go:82.16,85.3 2 0
LibraryManagement/service/bookService.go:87.2,87.30 1 0
LibraryManagement/service/bookService.go:90.64,95.2 1 0
LibraryManagement/service/userService.go:29.60,30.21 1 1
LibraryManagement/service/userService.go:30.21,32.3 1 0
LibraryManagement/service/userService.go:35.2,36.16 2 1
LibraryManagement/service/userService.go:36.16,39.3 2 0
LibraryManagement/service/userService.go:41.2,43.59 2 1
LibraryManagement/service/userService.go:43.59,47.3 2 0
LibraryManagement/service/userService.go:49.2,49.24 1 1
LibraryManagement/service/userService.go:49.24,53.3 2 1
LibraryManagement/service/userService.go:55.2,56.16 2 1
LibraryManagement/service/userService.go:56.16,59.3 2 1
LibraryManagement/service/userService.go:61.2,61.49 1 1
LibraryManagement/service/userService.go:64.51,66.16 2 1
LibraryManagement/service/userService.go:66.16,69.3 2 1
LibraryManagement/service/userService.go:72.2,72.103 1 1
LibraryManagement/service/userService.go:72.103,75.3 2 1
LibraryManagement/service/userService.go:78.2,79.16 2 1
LibraryManagement/service/userService.go:79.16,82.3 2 1
LibraryManagement/service/userService.go:84.2,88.4 1 1
LibraryManagement/service/userService.go:93.69,95.2 1 0
LibraryManagement/service/userService.go:97.70,103.2 1 0
