mode: atomic
LibraryManagement/internal/utils/jwt.go:19.68,32.2 3 1
LibraryManagement/internal/utils/jwt.go:35.51,36.101 1 3
LibraryManagement/internal/utils/jwt.go:36.101,38.3 1 3
LibraryManagement/internal/utils/jwt.go:39.2,39.16 1 3
LibraryManagement/internal/utils/jwt.go:39.16,41.3 1 2
LibraryManagement/internal/utils/jwt.go:42.2,42.61 1 1
LibraryManagement/internal/utils/jwt.go:42.61,44.3 1 1
LibraryManagement/internal/utils/jwt.go:45.2,45.41 1 0
LibraryManagement/internal/repo/dao/bookDAO.go:21.75,33.16 3 1
LibraryManagement/internal/repo/dao/bookDAO.go:33.16,35.3 1 0
LibraryManagement/internal/repo/dao/bookDAO.go:37.2,37.18 1 1
LibraryManagement/internal/repo/dao/bookDAO.go:40.57,41.21 1 2
LibraryManagement/internal/repo/dao/bookDAO.go:41.21,43.3 1 1
LibraryManagement/internal/repo/dao/bookDAO.go:45.2,46.27 2 1
LibraryManagement/internal/repo/dao/bookDAO.go:46.27,49.3 2 1
LibraryManagement/internal/repo/dao/bookDAO.go:51.2,51.19 1 1
LibraryManagement/internal/repo/dao/bookDAO.go:51.19,53.3 1 0
LibraryManagement/internal/repo/dao/bookDAO.go:54.2,54.46 1 1
LibraryManagement/internal/repo/dao/bookDAO.go:58.80,61.16 3 1
LibraryManagement/internal/repo/dao/bookDAO.go:61.16,63.3 1 0
LibraryManagement/internal/repo/dao/bookDAO.go:66.2,83.25 3 1
LibraryManagement/internal/repo/dao/bookDAO.go:83.25,85.3 1 0
LibraryManagement/internal/repo/dao/bookDAO.go:86.2,86.30 1 1
LibraryManagement/internal/repo/dao/bookDAO.go:86.30,88.3 1 0
LibraryManagement/internal/repo/dao/bookDAO.go:91.2,92.16 2 1
LibraryManagement/internal/repo/dao/bookDAO.go:92.16,94.3 1 0
LibraryManagement/internal/repo/dao/bookDAO.go:96.2,96.19 1 1
LibraryManagement/internal/repo/dao/bookDAO.go:101.86,103.21 2 5
LibraryManagement/internal/repo/dao/bookDAO.go:103.21,105.3 1 1
LibraryManagement/internal/repo/dao/bookDAO.go:106.2,106.20 1 5
LibraryManagement/internal/repo/dao/bookDAO.go:106.20,108.3 1 1
LibraryManagement/internal/repo/dao/bookDAO.go:110.2,110.22 1 5
LibraryManagement/internal/repo/dao/bookDAO.go:110.22,112.3 1 1
LibraryManagement/internal/repo/dao/bookDAO.go:113.2,113.23 1 5
LibraryManagement/internal/repo/dao/bookDAO.go:113.23,115.3 1 0
LibraryManagement/internal/repo/dao/bookDAO.go:118.2,119.50 2 5
LibraryManagement/internal/repo/dao/bookDAO.go:119.50,121.3 1 0
LibraryManagement/internal/repo/dao/bookDAO.go:124.2,125.15 2 5
LibraryManagement/internal/repo/dao/bookDAO.go:125.15,127.3 1 1
LibraryManagement/internal/repo/dao/bookDAO.go:128.2,129.19 2 5
LibraryManagement/internal/repo/dao/bookDAO.go:129.19,131.3 1 1
LibraryManagement/internal/repo/dao/bookDAO.go:132.2,136.80 3 5
LibraryManagement/internal/repo/dao/bookDAO.go:136.80,138.3 1 0
LibraryManagement/internal/repo/dao/bookDAO.go:141.2,142.29 2 5
LibraryManagement/internal/repo/dao/bookDAO.go:142.29,151.3 1 10
LibraryManagement/internal/repo/dao/bookDAO.go:154.2,162.8 2 5
LibraryManagement/internal/repo/dao/bookDAO.go:166.66,169.16 3 2
LibraryManagement/internal/repo/dao/bookDAO.go:169.16,171.3 1 1
LibraryManagement/internal/repo/dao/bookDAO.go:172.2,172.19 1 1
LibraryManagement/internal/repo/dao/bookDAO.go:176.72,179.16 3 2
LibraryManagement/internal/repo/dao/bookDAO.go:179.16,181.3 1 1
LibraryManagement/internal/repo/dao/bookDAO.go:182.2,182.19 1 1
LibraryManagement/internal/repo/dao/db.go:21.23,23.2 1 0
LibraryManagement/internal/repo/dao/db.go:30.26,44.16 6 0
LibraryManagement/internal/repo/dao/db.go:44.16,46.3 1 0
LibraryManagement/internal/repo/dao/db.go:49.2,50.16 2 0
LibraryManagement/internal/repo/dao/db.go:50.16,52.3 1 0
LibraryManagement/internal/repo/dao/db.go:55.2,55.37 1 0
LibraryManagement/internal/repo/dao/db.go:55.37,57.3 1 0
LibraryManagement/internal/repo/dao/db.go:59.2,63.12 3 0
LibraryManagement/internal/repo/dao/userDAO.go:18.63,20.16 2 5
LibraryManagement/internal/repo/dao/userDAO.go:20.16,22.3 1 0
LibraryManagement/internal/repo/dao/userDAO.go:23.2,31.32 3 5
LibraryManagement/internal/repo/dao/userDAO.go:35.80,38.16 3 2
LibraryManagement/internal/repo/dao/userDAO.go:38.16,40.3 1 1
LibraryManagement/internal/repo/dao/userDAO.go:41.2,41.19 1 1
LibraryManagement/internal/repo/dao/userDAO.go:45.66,48.16 3 2
LibraryManagement/internal/repo/dao/userDAO.go:48.16,50.3 1 1
LibraryManagement/internal/repo/dao/userDAO.go:51.2,51.19 1 1
LibraryManagement/internal/handler/bookHandler.go:18.67,20.2 1 10
LibraryManagement/internal/handler/bookHandler.go:23.47,26.16 3 4
LibraryManagement/internal/handler/bookHandler.go:26.16,29.3 2 1
LibraryManagement/internal/handler/bookHandler.go:31.2,35.16 3 3
LibraryManagement/internal/handler/bookHandler.go:35.16,38.3 2 1
LibraryManagement/internal/handler/bookHandler.go:41.2,43.16 2 2
LibraryManagement/internal/handler/bookHandler.go:43.16,46.3 2 1
LibraryManagement/internal/handler/bookHandler.go:48.2,48.41 1 1
LibraryManagement/internal/handler/bookHandler.go:53.50,58.19 4 3
LibraryManagement/internal/handler/bookHandler.go:58.19,61.3 2 1
LibraryManagement/internal/handler/bookHandler.go:63.2,65.16 2 2
LibraryManagement/internal/handler/bookHandler.go:65.16,68.3 2 1
LibraryManagement/internal/handler/bookHandler.go:70.2,70.41 1 1
LibraryManagement/internal/handler/bookHandler.go:74.50,77.16 3 4
LibraryManagement/internal/handler/bookHandler.go:77.16,79.3 1 1
LibraryManagement/internal/handler/bookHandler.go:80.2,84.16 3 3
LibraryManagement/internal/handler/bookHandler.go:84.16,87.3 2 1
LibraryManagement/internal/handler/bookHandler.go:89.2,90.16 2 2
LibraryManagement/internal/handler/bookHandler.go:90.16,93.3 2 1
LibraryManagement/internal/handler/bookHandler.go:94.2,94.41 1 1
LibraryManagement/internal/handler/bookHandler.go:98.47,101.16 3 3
LibraryManagement/internal/handler/bookHandler.go:101.16,104.3 2 1
LibraryManagement/internal/handler/bookHandler.go:106.2,107.16 2 2
LibraryManagement/internal/handler/bookHandler.go:107.16,110.3 2 1
LibraryManagement/internal/handler/bookHandler.go:112.2,112.25 1 1
LibraryManagement/internal/handler/bookHandler.go:116.48,119.16 3 4
LibraryManagement/internal/handler/bookHandler.go:119.16,121.3 1 1
LibraryManagement/internal/handler/bookHandler.go:122.2,126.16 3 3
LibraryManagement/internal/handler/bookHandler.go:126.16,129.3 2 0
LibraryManagement/internal/handler/bookHandler.go:130.2,131.16 2 3
LibraryManagement/internal/handler/bookHandler.go:131.16,134.3 2 1
LibraryManagement/internal/handler/bookHandler.go:136.2,136.26 1 2
LibraryManagement/internal/handler/bookHandler.go:140.51,143.16 3 2
LibraryManagement/internal/handler/bookHandler.go:143.16,145.3 1 0
LibraryManagement/internal/handler/bookHandler.go:147.2,150.16 3 2
LibraryManagement/internal/handler/bookHandler.go:150.16,153.3 2 1
LibraryManagement/internal/handler/bookHandler.go:155.2,155.26 1 1
LibraryManagement/internal/handler/bookHandler.go:159.53,161.17 2 4
LibraryManagement/internal/handler/bookHandler.go:161.17,164.3 2 1
LibraryManagement/internal/handler/bookHandler.go:166.2,172.16 5 3
LibraryManagement/internal/handler/bookHandler.go:172.16,175.3 2 1
LibraryManagement/internal/handler/bookHandler.go:177.2,177.26 1 2
LibraryManagement/internal/handler/bookHandler.go:181.55,183.19 2 3
LibraryManagement/internal/handler/bookHandler.go:183.19,186.3 2 1
LibraryManagement/internal/handler/bookHandler.go:188.2,191.16 3 2
LibraryManagement/internal/handler/bookHandler.go:191.16,194.3 2 1
LibraryManagement/internal/handler/bookHandler.go:196.2,196.26 1 1
LibraryManagement/internal/handler/bookHandler.go:200.51,202.16 2 2
LibraryManagement/internal/handler/bookHandler.go:202.16,205.3 2 1
LibraryManagement/internal/handler/bookHandler.go:207.2,207.46 1 1
LibraryManagement/internal/handler/bookHandler.go:211.52,213.16 2 2
LibraryManagement/internal/handler/bookHandler.go:213.16,216.3 2 1
LibraryManagement/internal/handler/bookHandler.go:218.2,218.41 1 1
LibraryManagement/internal/handler/userHandler.go:18.67,20.2 1 2
LibraryManagement/internal/handler/userHandler.go:23.45,26.16 3 3
LibraryManagement/internal/handler/userHandler.go:26.16,29.3 2 0
LibraryManagement/internal/handler/userHandler.go:30.2,34.16 3 3
LibraryManagement/internal/handler/userHandler.go:34.16,35.10 1 2
LibraryManagement/internal/handler/userHandler.go:36.54,37.67 1 1
LibraryManagement/internal/handler/userHandler.go:38.11,39.55 1 1
LibraryManagement/internal/handler/userHandler.go:41.3,41.9 1 2
LibraryManagement/internal/handler/userHandler.go:44.2,44.30 1 1
LibraryManagement/internal/handler/userHandler.go:48.48,51.16 3 3
LibraryManagement/internal/handler/userHandler.go:51.16,54.3 2 0
LibraryManagement/internal/handler/userHandler.go:55.2,57.28 2 3
LibraryManagement/internal/handler/userHandler.go:57.28,59.3 1 0
LibraryManagement/internal/handler/userHandler.go:62.2,63.16 2 3
LibraryManagement/internal/handler/userHandler.go:63.16,66.3 2 0
LibraryManagement/internal/handler/userHandler.go:68.2,70.16 2 3
LibraryManagement/internal/handler/userHandler.go:70.16,72.10 1 2
LibraryManagement/internal/handler/userHandler.go:73.46,74.61 1 1
LibraryManagement/internal/handler/userHandler.go:75.11,76.72 1 1
LibraryManagement/internal/handler/userHandler.go:78.3,78.9 1 2
LibraryManagement/internal/handler/userHandler.go:81.2,81.52 1 1
LibraryManagement/internal/es/client.go:13.21,14.44 1 0
LibraryManagement/internal/es/client.go:14.44,17.3 2 0
LibraryManagement/internal/es/client.go:19.2,25.48 2 0
LibraryManagement/internal/es/client.go:25.48,28.3 2 0
LibraryManagement/internal/es/client.go:30.2,32.16 3 0
LibraryManagement/internal/es/client.go:32.16,34.3 1 0
LibraryManagement/internal/es/client.go:37.2,38.16 2 0
LibraryManagement/internal/es/client.go:38.16,40.3 1 0
LibraryManagement/internal/es/client.go:41.2,44.12 3 0
LibraryManagement/internal/service/bookESService.go:44.49,45.22 1 0
LibraryManagement/internal/service/bookESService.go:45.22,48.3 2 0
LibraryManagement/internal/service/bookESService.go:50.2,97.16 4 0
LibraryManagement/internal/service/bookESService.go:97.16,99.3 1 0
LibraryManagement/internal/service/bookESService.go:100.2,102.19 2 0
LibraryManagement/internal/service/bookESService.go:102.19,104.62 2 0
LibraryManagement/internal/service/bookESService.go:104.62,106.4 1 0
LibraryManagement/internal/service/bookESService.go:108.3,108.123 1 0
LibraryManagement/internal/service/bookESService.go:108.123,111.4 2 0
LibraryManagement/internal/service/bookESService.go:112.3,112.58 1 0
LibraryManagement/internal/service/bookESService.go:115.2,116.12 2 0
LibraryManagement/internal/service/bookESService.go:119.49,120.22 1 0
LibraryManagement/internal/service/bookESService.go:120.22,123.3 2 0
LibraryManagement/internal/service/bookESService.go:125.2,127.16 3 0
LibraryManagement/internal/service/bookESService.go:127.16,129.3 1 0
LibraryManagement/internal/service/bookESService.go:130.2,132.19 2 0
LibraryManagement/internal/service/bookESService.go:132.19,134.3 1 0
LibraryManagement/internal/service/bookESService.go:136.2,136.12 1 0
LibraryManagement/internal/service/bookESService.go:140.63,142.22 1 0
LibraryManagement/internal/service/bookESService.go:142.22,145.3 2 0
LibraryManagement/internal/service/bookESService.go:148.2,160.16 3 0
LibraryManagement/internal/service/bookESService.go:160.16,162.3 1 0
LibraryManagement/internal/service/bookESService.go:165.2,175.16 3 0
LibraryManagement/internal/service/bookESService.go:175.16,177.3 1 0
LibraryManagement/internal/service/bookESService.go:178.2,181.19 2 0
LibraryManagement/internal/service/bookESService.go:181.19,183.3 1 0
LibraryManagement/internal/service/bookESService.go:185.2,186.12 2 0
LibraryManagement/internal/service/bookESService.go:189.64,192.2 1 0
LibraryManagement/internal/service/bookESService.go:194.55,195.22 1 0
LibraryManagement/internal/service/bookESService.go:195.22,197.3 1 0
LibraryManagement/internal/service/bookESService.go:199.2,206.16 3 0
LibraryManagement/internal/service/bookESService.go:206.16,208.3 1 0
LibraryManagement/internal/service/bookESService.go:209.2,211.44 2 0
LibraryManagement/internal/service/bookESService.go:211.44,213.3 1 0
LibraryManagement/internal/service/bookESService.go:215.2,215.12 1 0
LibraryManagement/internal/service/bookESService.go:218.77,219.22 1 0
LibraryManagement/internal/service/bookESService.go:219.22,221.3 1 0
LibraryManagement/internal/service/bookESService.go:223.2,229.16 3 0
LibraryManagement/internal/service/bookESService.go:229.16,231.3 1 0
LibraryManagement/internal/service/bookESService.go:232.2,234.19 2 0
LibraryManagement/internal/service/bookESService.go:234.19,235.28 1 0
LibraryManagement/internal/service/bookESService.go:235.28,237.4 1 0
LibraryManagement/internal/service/bookESService.go:238.3,238.65 1 0
LibraryManagement/internal/service/bookESService.go:241.2,242.66 2 0
LibraryManagement/internal/service/bookESService.go:242.66,244.3 1 0
LibraryManagement/internal/service/bookESService.go:246.2,249.18 3 0
LibraryManagement/internal/service/bookESService.go:253.94,254.22 1 0
LibraryManagement/internal/service/bookESService.go:254.22,256.3 1 0
LibraryManagement/internal/service/bookESService.go:259.2,260.15 2 0
LibraryManagement/internal/service/bookESService.go:260.15,262.3 1 0
LibraryManagement/internal/service/bookESService.go:263.2,264.19 2 0
LibraryManagement/internal/service/bookESService.go:264.19,266.3 1 0
LibraryManagement/internal/service/bookESService.go:267.2,272.23 3 0
LibraryManagement/internal/service/bookESService.go:272.23,288.3 1 0
LibraryManagement/internal/service/bookESService.go:288.8,292.22 2 0
LibraryManagement/internal/service/bookESService.go:292.22,298.4 1 0
LibraryManagement/internal/service/bookESService.go:300.3,300.23 1 0
LibraryManagement/internal/service/bookESService.go:300.23,306.4 1 0
LibraryManagement/internal/service/bookESService.go:308.3,308.21 1 0
LibraryManagement/internal/service/bookESService.go:308.21,314.4 1 0
LibraryManagement/internal/service/bookESService.go:316.3,316.24 1 0
LibraryManagement/internal/service/bookESService.go:316.24,322.4 1 0
LibraryManagement/internal/service/bookESService.go:324.3,324.21 1 0
LibraryManagement/internal/service/bookESService.go:324.21,326.4 1 0
LibraryManagement/internal/service/bookESService.go:326.9,332.4 1 0
LibraryManagement/internal/service/bookESService.go:336.2,347.65 3 0
LibraryManagement/internal/service/bookESService.go:347.65,349.3 1 0
LibraryManagement/internal/service/bookESService.go:352.2,360.16 4 0
LibraryManagement/internal/service/bookESService.go:360.16,362.3 1 0
LibraryManagement/internal/service/bookESService.go:363.2,365.19 2 0
LibraryManagement/internal/service/bookESService.go:365.19,367.3 1 0
LibraryManagement/internal/service/bookESService.go:370.2,388.66 2 0
LibraryManagement/internal/service/bookESService.go:388.66,390.3 1 0
LibraryManagement/internal/service/bookESService.go:393.2,394.39 2 0
LibraryManagement/internal/service/bookESService.go:394.39,403.3 1 0
LibraryManagement/internal/service/bookESService.go:405.2,413.8 2 0
LibraryManagement/internal/service/bookESService.go:417.101,418.22 1 0
LibraryManagement/internal/service/bookESService.go:418.22,420.3 1 0
LibraryManagement/internal/service/bookESService.go:422.2,423.11 2 0
LibraryManagement/internal/service/bookESService.go:423.11,429.3 1 0
LibraryManagement/internal/service/bookESService.go:429.8,435.3 1 0
LibraryManagement/internal/service/bookESService.go:437.2,443.65 3 0
LibraryManagement/internal/service/bookESService.go:443.65,445.3 1 0
LibraryManagement/internal/service/bookESService.go:447.2,452.16 2 0
LibraryManagement/internal/service/bookESService.go:452.16,454.3 1 0
LibraryManagement/internal/service/bookESService.go:455.2,457.19 2 0
LibraryManagement/internal/service/bookESService.go:457.19,459.3 1 0
LibraryManagement/internal/service/bookESService.go:461.2,462.66 2 0
LibraryManagement/internal/service/bookESService.go:462.66,464.3 1 0
LibraryManagement/internal/service/bookESService.go:466.2,469.27 3 0
LibraryManagement/internal/service/bookESService.go:469.27,472.3 2 0
LibraryManagement/internal/service/bookESService.go:474.2,474.23 1 0
LibraryManagement/internal/service/bookESService.go:478.93,479.22 1 0
LibraryManagement/internal/service/bookESService.go:479.22,481.3 1 0
LibraryManagement/internal/service/bookESService.go:483.2,500.65 4 0
LibraryManagement/internal/service/bookESService.go:500.65,502.3 1 0
LibraryManagement/internal/service/bookESService.go:504.2,509.16 2 0
LibraryManagement/internal/service/bookESService.go:509.16,511.3 1 0
LibraryManagement/internal/service/bookESService.go:512.2,514.19 2 0
LibraryManagement/internal/service/bookESService.go:514.19,516.3 1 0
LibraryManagement/internal/service/bookESService.go:518.2,519.66 2 0
LibraryManagement/internal/service/bookESService.go:519.66,521.3 1 0
LibraryManagement/internal/service/bookESService.go:523.2,526.27 3 0
LibraryManagement/internal/service/bookESService.go:526.27,531.3 3 0
LibraryManagement/internal/service/bookESService.go:533.2,533.23 1 0
LibraryManagement/internal/service/bookESService.go:536.39,538.2 1 0
LibraryManagement/internal/service/bookESService.go:542.70,544.42 2 0
LibraryManagement/internal/service/bookESService.go:544.42,546.3 1 0
LibraryManagement/internal/service/bookESService.go:547.2,547.47 1 0
LibraryManagement/internal/service/bookESService.go:547.47,549.3 1 0
LibraryManagement/internal/service/bookESService.go:550.2,550.49 1 0
LibraryManagement/internal/service/bookESService.go:550.49,552.3 1 0
LibraryManagement/internal/service/bookESService.go:553.2,553.45 1 0
LibraryManagement/internal/service/bookESService.go:553.45,555.3 1 0
LibraryManagement/internal/service/bookESService.go:556.2,556.51 1 0
LibraryManagement/internal/service/bookESService.go:556.51,558.3 1 0
LibraryManagement/internal/service/bookESService.go:559.2,559.51 1 0
LibraryManagement/internal/service/bookESService.go:559.51,561.3 1 0
LibraryManagement/internal/service/bookESService.go:563.2,563.48 1 0
LibraryManagement/internal/service/bookESService.go:563.48,565.3 1 0
LibraryManagement/internal/service/bookESService.go:566.2,566.12 1 0
LibraryManagement/internal/service/bookService.go:31.35,35.2 1 0
LibraryManagement/internal/service/bookService.go:37.59,41.16 2 0
LibraryManagement/internal/service/bookService.go:41.16,43.3 1 0
LibraryManagement/internal/service/bookService.go:46.2,46.52 1 0
LibraryManagement/internal/service/bookService.go:46.52,49.3 1 0
LibraryManagement/internal/service/bookService.go:51.2,51.12 1 0
LibraryManagement/internal/service/bookService.go:55.54,58.16 2 0
LibraryManagement/internal/service/bookService.go:58.16,60.3 1 0
LibraryManagement/internal/service/bookService.go:63.2,63.28 1 0
LibraryManagement/internal/service/bookService.go:63.28,64.72 1 0
LibraryManagement/internal/service/bookService.go:64.72,65.63 1 0
LibraryManagement/internal/service/bookService.go:65.63,67.5 1 0
LibraryManagement/internal/service/bookService.go:71.2,71.12 1 0
LibraryManagement/internal/service/bookService.go:76.64,80.16 2 0
LibraryManagement/internal/service/bookService.go:80.16,82.3 1 0
LibraryManagement/internal/service/bookService.go:85.2,85.53 1 0
LibraryManagement/internal/service/bookService.go:85.53,87.3 1 0
LibraryManagement/internal/service/bookService.go:89.2,89.12 1 0
LibraryManagement/internal/service/bookService.go:92.85,97.2 2 0
LibraryManagement/internal/service/bookService.go:99.71,101.16 2 0
LibraryManagement/internal/service/bookService.go:101.16,103.3 1 0
LibraryManagement/internal/service/bookService.go:105.2,113.8 1 0
LibraryManagement/internal/service/bookService.go:117.92,119.2 1 0
LibraryManagement/internal/service/bookService.go:122.95,124.16 2 0
LibraryManagement/internal/service/bookService.go:124.16,126.3 1 0
LibraryManagement/internal/service/bookService.go:128.2,129.27 2 0
LibraryManagement/internal/service/bookService.go:129.27,139.3 1 0
LibraryManagement/internal/service/bookService.go:141.2,141.19 1 0
LibraryManagement/internal/service/bookService.go:145.87,147.16 2 0
LibraryManagement/internal/service/bookService.go:147.16,149.3 1 0
LibraryManagement/internal/service/bookService.go:151.2,152.27 2 0
LibraryManagement/internal/service/bookService.go:152.27,161.3 1 0
LibraryManagement/internal/service/bookService.go:163.2,163.19 1 0
LibraryManagement/internal/service/bookService.go:167.53,169.2 1 0
LibraryManagement/internal/service/bookService.go:172.51,176.50 2 0
LibraryManagement/internal/service/bookService.go:176.50,178.3 1 0
LibraryManagement/internal/service/bookService.go:181.2,181.50 1 0
LibraryManagement/internal/service/bookService.go:181.50,183.3 1 0
LibraryManagement/internal/service/bookService.go:186.2,192.6 3 0
LibraryManagement/internal/service/bookService.go:192.6,195.17 3 0
LibraryManagement/internal/service/bookService.go:195.17,197.4 1 0
LibraryManagement/internal/service/bookService.go:199.3,200.22 2 0
LibraryManagement/internal/service/bookService.go:200.22,201.9 1 0
LibraryManagement/internal/service/bookService.go:205.3,205.34 1 0
LibraryManagement/internal/service/bookService.go:205.34,208.18 2 0
LibraryManagement/internal/service/bookService.go:208.18,210.13 2 0
LibraryManagement/internal/service/bookService.go:213.4,213.54 1 0
LibraryManagement/internal/service/bookService.go:213.54,215.5 1 0
LibraryManagement/internal/service/bookService.go:218.3,218.38 1 0
LibraryManagement/internal/service/bookService.go:218.38,219.9 1 0
LibraryManagement/internal/service/bookService.go:221.3,221.9 1 0
LibraryManagement/internal/service/bookService.go:224.2,225.12 2 0
LibraryManagement/internal/service/userService.go:26.35,28.2 1 0
LibraryManagement/internal/service/userService.go:30.66,34.59 2 0
LibraryManagement/internal/service/userService.go:34.59,37.3 1 0
LibraryManagement/internal/service/userService.go:39.2,39.24 1 0
LibraryManagement/internal/service/userService.go:39.24,42.3 1 0
LibraryManagement/internal/service/userService.go:44.2,46.12 2 0
LibraryManagement/internal/service/userService.go:50.75,52.16 2 0
LibraryManagement/internal/service/userService.go:52.16,54.3 1 0
LibraryManagement/internal/service/userService.go:57.2,57.103 1 0
LibraryManagement/internal/service/userService.go:57.103,59.3 1 0
LibraryManagement/internal/service/userService.go:62.2,63.16 2 0
LibraryManagement/internal/service/userService.go:63.16,65.3 1 0
LibraryManagement/internal/service/userService.go:67.2,71.8 1 0
LibraryManagement/internal/service/userService.go:76.68,78.2 1 0
LibraryManagement/internal/router/router.go:11.97,17.2 3 0
LibraryManagement/internal/router/router.go:19.103,23.2 2 0
LibraryManagement/internal/router/router.go:23.2,26.3 2 0
LibraryManagement/internal/router/router.go:29.2,31.2 3 0
LibraryManagement/internal/router/router.go:31.2,40.3 5 0
LibraryManagement/internal/router/router.go:43.2,45.2 3 0
LibraryManagement/internal/router/router.go:45.2,54.3 5 0
LibraryManagement/internal/config/config.go:38.36,40.16 2 0
LibraryManagement/internal/config/config.go:40.16,42.3 1 0
LibraryManagement/internal/config/config.go:44.2,44.54 1 0
LibraryManagement/internal/config/config.go:44.54,46.3 1 0
LibraryManagement/internal/config/config.go:48.2,48.12 1 0
LibraryManagement/internal/api/result/code.go:20.34,21.39 1 0
LibraryManagement/internal/api/result/code.go:21.39,23.3 1 0
LibraryManagement/internal/api/result/code.go:24.2,24.26 1 0
LibraryManagement/internal/api/result/result.go:15.48,16.17 1 0
LibraryManagement/internal/api/result/result.go:16.17,18.3 1 0
LibraryManagement/internal/api/result/result.go:20.2,25.28 5 0
LibraryManagement/internal/api/result/result.go:28.55,35.2 5 0
LibraryManagement/internal/middleware/auth.go:11.58,12.30 1 0
LibraryManagement/internal/middleware/auth.go:12.30,14.21 2 0
LibraryManagement/internal/middleware/auth.go:14.21,18.4 3 0
LibraryManagement/internal/middleware/auth.go:21.3,21.53 1 0
LibraryManagement/internal/middleware/auth.go:21.53,23.4 1 0
LibraryManagement/internal/middleware/auth.go:25.3,26.17 2 0
LibraryManagement/internal/middleware/auth.go:26.17,30.4 3 0
LibraryManagement/internal/middleware/auth.go:33.3,33.56 1 0
LibraryManagement/internal/middleware/auth.go:33.56,37.4 3 0
LibraryManagement/internal/middleware/auth.go:40.3,43.11 3 0
LibraryManagement/main.go:21.13,24.59 1 0
LibraryManagement/main.go:24.59,26.3 1 0
LibraryManagement/main.go:29.2,29.42 1 0
LibraryManagement/main.go:29.42,31.3 1 0
LibraryManagement/main.go:34.2,34.36 1 0
LibraryManagement/main.go:34.36,37.3 2 0
LibraryManagement/main.go:37.8,39.3 1 0
LibraryManagement/main.go:43.2,47.22 3 0
LibraryManagement/main.go:47.22,48.57 1 0
LibraryManagement/main.go:48.57,50.4 1 0
LibraryManagement/main.go:50.9,52.4 1 0
LibraryManagement/main.go:56.2,68.12 5 0
LibraryManagement/main.go:68.12,69.90 1 0
LibraryManagement/main.go:69.90,71.4 1 0
LibraryManagement/main.go:75.2,85.45 7 0
LibraryManagement/main.go:85.45,87.3 1 0
LibraryManagement/main.go:88.2,88.31 1 0
